<?xml version="1.0" encoding="UTF-8"?>
<!-- Generated by org.testng.reporters.JUnitReportReporter -->
<testsuite hostname="Mohamed-Abdelrahman" failures="0" tests="1" name="tests.TestBase" time="0.149" errors="0" timestamp="2023-12-20T09:11:06 GMT+02:00" skipped="0">
  <testcase classname="tests.TestBase" name="validateThatItemIsExist" time="0.149"/>
</testsuite> <!-- tests.TestBase -->
